objc[5086]: Class AXEmojiUtilities is implemented in both /Applications/Xcode.app/Contents/Developer/Platforms/iPhoneSimulator.platform/Developer/SDKs/iPhoneSimulator7.1.sdk/System/Library/PrivateFrameworks/AccessibilityUtilities.framework/AccessibilityUtilities and /Applications/Xcode.app/Contents/Developer/Platforms/iPhoneSimulator.platform/Developer/SDKs/iPhoneSimulator7.1.sdk/usr/lib/libAXSpeechManager.dylib. One of the two will be used. Which one is undefined.
2014-08-26 12:03:04.514 myApp[5086:70b] Cannot find executable for CFBundle 0xa2bfb90 </Applications/Xcode.app/Contents/Developer/Platforms/iPhoneSimulator.platform/Developer/SDKs/iPhoneSimulator7.1.sdk/System/Library/AccessibilityBundles/GeoServices.axbundle> (not loaded)
2014-08-26 12:03:04.519 myApp[5086:70b] Cannot find executable for CFBundle 0xc07c350 </Applications/Xcode.app/Contents/Developer/Platforms/iPhoneSimulator.platform/Developer/SDKs/iPhoneSimulator7.1.sdk/System/Library/AccessibilityBundles/CertUIFramework.axbundle> (not loaded)
2014-08-26 12:03:04.570 myApp[5086:70b] Multi-tasking -> Device: YES, App: YES
2014-08-26 12:03:04.575 myApp[5086:70b] Unlimited access to network resources
2014-08-26 12:03:04.590 myApp[5086:70b] [CDVTimer][keyboard] 0.061989ms
2014-08-26 12:03:04.590 myApp[5086:70b] CDVPlugin class CDVStatusBar (pluginName: statusbar) does not exist.
2014-08-26 12:03:04.590 myApp[5086:70b] [CDVTimer][statusbar] 0.366986ms
2014-08-26 12:03:04.591 myApp[5086:70b] [CDVTimer][TotalPluginStartup] 1.305997ms
2014-08-26 12:03:04.693 myApp[5086:70b] Resetting plugins due to page load.
2014-08-26 12:03:04.814 myApp[5086:70b] Finished load of: file:///Users/wisam/Library/Application%20Support/iPhone%20Simulator/7.1/Applications/4B9F53A0-B50B-4646-8866-1384028D2B3A/myApp.app/www/index.html#/tab/dash
objc[5283]: Class AXEmojiUtilities is implemented in both /Applications/Xcode.app/Contents/Developer/Platforms/iPhoneSimulator.platform/Developer/SDKs/iPhoneSimulator7.1.sdk/System/Library/PrivateFrameworks/AccessibilityUtilities.framework/AccessibilityUtilities and /Applications/Xcode.app/Contents/Developer/Platforms/iPhoneSimulator.platform/Developer/SDKs/iPhoneSimulator7.1.sdk/usr/lib/libAXSpeechManager.dylib. One of the two will be used. Which one is undefined.
2014-08-26 12:03:17.843 myApp[5283:70b] Cannot find executable for CFBundle 0xa95b2e0 </Applications/Xcode.app/Contents/Developer/Platforms/iPhoneSimulator.platform/Developer/SDKs/iPhoneSimulator7.1.sdk/System/Library/AccessibilityBundles/GeoServices.axbundle> (not loaded)
2014-08-26 12:03:17.855 myApp[5283:70b] Cannot find executable for CFBundle 0xa291210 </Applications/Xcode.app/Contents/Developer/Platforms/iPhoneSimulator.platform/Developer/SDKs/iPhoneSimulator7.1.sdk/System/Library/AccessibilityBundles/CertUIFramework.axbundle> (not loaded)
2014-08-26 12:03:17.897 myApp[5283:70b] Multi-tasking -> Device: YES, App: YES
2014-08-26 12:03:17.909 myApp[5283:70b] Unlimited access to network resources
2014-08-26 12:03:17.936 myApp[5283:70b] [CDVTimer][keyboard] 0.088990ms
2014-08-26 12:03:17.937 myApp[5283:70b] CDVPlugin class CDVStatusBar (pluginName: statusbar) does not exist.
2014-08-26 12:03:17.938 myApp[5283:70b] [CDVTimer][statusbar] 1.141965ms
2014-08-26 12:03:17.939 myApp[5283:70b] [CDVTimer][TotalPluginStartup] 3.053963ms
2014-08-26 12:03:18.109 myApp[5283:70b] Resetting plugins due to page load.
2014-08-26 12:03:18.339 myApp[5283:70b] Finished load of: file:///Users/wisam/Library/Application%20Support/iPhone%20Simulator/7.1/Applications/4B9F53A0-B50B-4646-8866-1384028D2B3A/myApp.app/www/index.html#/tab/dash
